Using pre-set license
Built from '2020.3/staging' branch; Version is '2020.3.38f1 (8f5fde82e2dc) revision 9396190'; Using compiler version '192528614'; Build Type 'Release'
OS: 'Windows 10  (10.0.19044) 64bit Professional' Language: 'en' Physical Memory: 3940 MB
BatchMode: 1, IsHumanControllingUs: 0, StartBugReporterOnCrash: 0, Is64bit: 1, IsPro: 0

COMMAND LINE ARGUMENTS:
C:\Program Files\Unity\Hub\Editor\2020.3.38f1\Editor\Unity.exe
-adb2
-batchMode
-noUpm
-name
AssetImportWorker0
-projectPath
C:/Users/US/Desktop/Create with Code/Roller Splat
-logFile
Logs/AssetImportWorker0.log
-srvPort
61412
Successfully changed project path to: C:/Users/US/Desktop/Create with Code/Roller Splat
C:/Users/US/Desktop/Create with Code/Roller Splat
Using Asset Import Pipeline V2.
Refreshing native plugins compatible for Editor in 212.82 ms, found 3 plugins.
Preloading 0 native plugins for Editor in 0.00 ms.
Initialize engine version: 2020.3.38f1 (8f5fde82e2dc)
[Subsystems] Discovering subsystems at path C:/Program Files/Unity/Hub/Editor/2020.3.38f1/Editor/Data/Resources/UnitySubsystems
[Subsystems] Discovering subsystems at path C:/Users/US/Desktop/Create with Code/Roller Splat/Assets
GfxDevice: creating device client; threaded=0
Direct3D:
    Version:  Direct3D 11.0 [level 11.0]
    Renderer: Intel(R) HD Graphics 4000 (ID=0x166)
    Vendor:   
    VRAM:     128 MB
    Driver:   10.18.10.4252
Initialize mono
Mono path[0] = 'C:/Program Files/Unity/Hub/Editor/2020.3.38f1/Editor/Data/Managed'
Mono path[1] = 'C:/Program Files/Unity/Hub/Editor/2020.3.38f1/Editor/Data/MonoBleedingEdge/lib/mono/unityjit'
Mono config path = 'C:/Program Files/Unity/Hub/Editor/2020.3.38f1/Editor/Data/MonoBleedingEdge/etc'
Using monoOptions --debugger-agent=transport=dt_socket,embedding=1,server=y,suspend=n,address=127.0.0.1:56992
Begin MonoManager ReloadAssembly
Registering precompiled unity dll's ...
Register platform support module: C:/Program Files/Unity/Hub/Editor/2020.3.38f1/Editor/Data/PlaybackEngines/WindowsStandaloneSupport/UnityEditor.WindowsStandalone.Extensions.dll
Registered in 0.010552 seconds.
Native extension for WindowsStandalone target not found
Refreshing native plugins compatible for Editor in 795.61 ms, found 3 plugins.
Preloading 0 native plugins for Editor in 0.00 ms.
Mono: successfully reloaded assembly
- Completed reload, in  3.047 seconds
Domain Reload Profiling:
	ReloadAssembly (3048ms)
		BeginReloadAssembly (408ms)
			ExecutionOrderSort (0ms)
			DisableScriptedObjects (0ms)
			BackupInstance (0ms)
			ReleaseScriptingObjects (0ms)
			CreateAndSetChildDomain (10ms)
		EndReloadAssembly (2192ms)
			LoadAssemblies (382ms)
			RebuildTransferFunctionScriptingTraits (1ms)
			SetupTypeCache (498ms)
			ReleaseScriptCaches (0ms)
			RebuildScriptCaches (136ms)
			SetupLoadedEditorAssemblies (1203ms)
				LogAssemblyErrors (0ms)
				InitializePlatformSupportModulesInManaged (17ms)
				SetLoadedEditorAssemblies (0ms)
				RefreshPlugins (796ms)
				BeforeProcessingInitializeOnLoad (24ms)
				ProcessInitializeOnLoadAttributes (283ms)
				ProcessInitializeOnLoadMethodAttributes (82ms)
				AfterProcessingInitializeOnLoad (0ms)
				EditorAssembliesLoaded (1ms)
			ExecutionOrderSort2 (0ms)
			AwakeInstancesAfterBackupRestoration (0ms)
Platform modules already initialized, skipping
Registering precompiled user dll's ...
Registered in 0.013723 seconds.
Begin MonoManager ReloadAssembly
Symbol file LoadedFromMemory doesn't match image C:\Users\US\Desktop\Create with Code\Roller Splat\Library\PackageCache\com.unity.visualscripting@1.7.8\Editor\VisualScripting.Core\Dependencies\YamlDotNet\Unity.VisualScripting.YamlDotNet.dll
Symbol file LoadedFromMemory doesn't match image C:\Users\US\Desktop\Create with Code\Roller Splat\Library\PackageCache\com.unity.visualscripting@1.7.8\Editor\VisualScripting.Core\Dependencies\DotNetZip\Unity.VisualScripting.IonicZip.dll
Native extension for WindowsStandalone target not found
Refreshing native plugins compatible for Editor in 5.50 ms, found 3 plugins.
Preloading 0 native plugins for Editor in 0.00 ms.
Mono: successfully reloaded assembly
- Completed reload, in  3.708 seconds
Domain Reload Profiling:
	ReloadAssembly (3711ms)
		BeginReloadAssembly (557ms)
			ExecutionOrderSort (0ms)
			DisableScriptedObjects (17ms)
			BackupInstance (0ms)
			ReleaseScriptingObjects (0ms)
			CreateAndSetChildDomain (46ms)
		EndReloadAssembly (3018ms)
			LoadAssemblies (501ms)
			RebuildTransferFunctionScriptingTraits (0ms)
			SetupTypeCache (1219ms)
			ReleaseScriptCaches (1ms)
			RebuildScriptCaches (132ms)
			SetupLoadedEditorAssemblies (970ms)
				LogAssemblyErrors (0ms)
				InitializePlatformSupportModulesInManaged (20ms)
				SetLoadedEditorAssemblies (2ms)
				RefreshPlugins (6ms)
				BeforeProcessingInitializeOnLoad (228ms)
				ProcessInitializeOnLoadAttributes (653ms)
				ProcessInitializeOnLoadMethodAttributes (40ms)
				AfterProcessingInitializeOnLoad (20ms)
				EditorAssembliesLoaded (1ms)
			ExecutionOrderSort2 (0ms)
			AwakeInstancesAfterBackupRestoration (7ms)
Platform modules already initialized, skipping
========================================================================
Worker process is ready to serve import requests
Launched and connected shader compiler UnityShaderCompiler.exe after 0.13 seconds
Refreshing native plugins compatible for Editor in 1.21 ms, found 3 plugins.
Preloading 0 native plugins for Editor in 0.00 ms.
Unloading 3117 Unused Serialized files (Serialized files now loaded: 0)
System memory in use before: 109.8 MB.
System memory in use after: 110.0 MB.

Unloading 21 unused Assets to reduce memory usage. Loaded Objects now: 3550.
Total: 13.108100 ms (FindLiveObjects: 0.505200 ms CreateObjectMapping: 0.635800 ms MarkObjects: 11.841900 ms  DeleteObjects: 0.122800 ms)

AssetImportParameters requested are different than current active one (requested -> active):
  custom:framework-win-MediaFoundation: 216162199b28c13a410421893ffa2e32 -> 
  custom:video-decoder-ogg-theora: a1e56fd34408186e4bbccfd4996cb3dc -> 
  custom:container-muxer-webm: aa71ff27fc2769a1b78a27578f13a17b -> 
  custom:container-demuxer-webm: 4f35f7cbe854078d1ac9338744f61a02 -> 
  custom:container-demuxer-ogg: 62fdf1f143b41e24485cea50d1cbac27 -> 
  custom:video-encoder-webm-vp8: eb34c28f22e8b96e1ab97ce403110664 -> 
  custom:video-decoder-webm-vp8: 9c59270c3fd7afecdb556c50c9e8de78 -> 
  custom:audio-decoder-ogg-vorbis: bf7c407c2cedff20999df2af8eb42d56 -> 
  custom:audio-encoder-webm-vorbis: bf7c407c2cedff20999df2af8eb42d56 -> 
========================================================================
Received Import Request.
  path: Assets/Scenes/Level1 1.unity
  artifactKey: Guid(379e6626a0b3e7f4085a70817049caff) Importer(815301076,1909f56bfc062723c751e8b465ee728b)
Start importing Assets/Scenes/Level1 1.unity using Guid(379e6626a0b3e7f4085a70817049caff) Importer(815301076,1909f56bfc062723c751e8b465ee728b)  -> (artifact id: '2d4e219172cf144810d5df02c674a055') in 0.030176 seconds 
========================================================================
Received Import Request.
  Time since last request: 0.000953 seconds.
  path: Assets/Scenes/Level1.unity
  artifactKey: Guid(9fc0d4010bbf28b4594072e72b8655ab) Importer(815301076,1909f56bfc062723c751e8b465ee728b)
Start importing Assets/Scenes/Level1.unity using Guid(9fc0d4010bbf28b4594072e72b8655ab) Importer(815301076,1909f56bfc062723c751e8b465ee728b)  -> (artifact id: '9ce7d5249884b22b4c87b85d40167370') in 0.034246 seconds 
========================================================================
Received Import Request.
  Time since last request: 19.797732 seconds.
  path: Assets/Scenes/Level2.unity
  artifactKey: Guid(379e6626a0b3e7f4085a70817049caff) Importer(815301076,1909f56bfc062723c751e8b465ee728b)
Start importing Assets/Scenes/Level2.unity using Guid(379e6626a0b3e7f4085a70817049caff) Importer(815301076,1909f56bfc062723c751e8b465ee728b)  -> (artifact id: '13cf82bf232a5397316def6336c84cba') in 0.025938 seconds 
========================================================================
Received Import Request.
  Time since last request: 106.975583 seconds.
  path: Assets/Scenes/Level1.unity
  artifactKey: Guid(9fc0d4010bbf28b4594072e72b8655ab) Importer(815301076,1909f56bfc062723c751e8b465ee728b)
Start importing Assets/Scenes/Level1.unity using Guid(9fc0d4010bbf28b4594072e72b8655ab) Importer(815301076,1909f56bfc062723c751e8b465ee728b)  -> (artifact id: '2b944d01d7a0fa99c4a2cbfdd3cbba93') in 0.029495 seconds 
========================================================================
Received Import Request.
  Time since last request: 19.195178 seconds.
  path: Assets/Material
  artifactKey: Guid(4a3ea570d26443d4fb51a5e68adf3081) Importer(815301076,1909f56bfc062723c751e8b465ee728b)
Start importing Assets/Material using Guid(4a3ea570d26443d4fb51a5e68adf3081) Importer(815301076,1909f56bfc062723c751e8b465ee728b)  -> (artifact id: '194d3faa40e022ceef0ace8b57bdc975') in 0.021228 seconds 
========================================================================
Received Import Request.
  Time since last request: 1.773773 seconds.
  path: Assets/Scenes/Level2.unity
  artifactKey: Guid(379e6626a0b3e7f4085a70817049caff) Importer(815301076,1909f56bfc062723c751e8b465ee728b)
Start importing Assets/Scenes/Level2.unity using Guid(379e6626a0b3e7f4085a70817049caff) Importer(815301076,1909f56bfc062723c751e8b465ee728b)  -> (artifact id: '08a83e7729d02ea30748a024c7e0a3aa') in 0.007345 seconds 
========================================================================
Received Import Request.
  Time since last request: 1213.266727 seconds.
  path: Assets/Scripts/GameManager.cs
  artifactKey: Guid(67c19b1be12f55045971810e0475932e) Importer(815301076,1909f56bfc062723c751e8b465ee728b)
Start importing Assets/Scripts/GameManager.cs using Guid(67c19b1be12f55045971810e0475932e) Importer(815301076,1909f56bfc062723c751e8b465ee728b)  -> (artifact id: '1783536f885f7a1a5aa41d38ad5ac40b') in 0.089901 seconds 
========================================================================
Received Import Request.
  Time since last request: 144.105192 seconds.
  path: Assets/Scripts/GameManager.cs
  artifactKey: Guid(67c19b1be12f55045971810e0475932e) Importer(815301076,1909f56bfc062723c751e8b465ee728b)
Start importing Assets/Scripts/GameManager.cs using Guid(67c19b1be12f55045971810e0475932e) Importer(815301076,1909f56bfc062723c751e8b465ee728b)  -> (artifact id: 'd36cb5f543b509e3852caa9222430214') in 0.013589 seconds 
========================================================================
Received Import Request.
  Time since last request: 68.842709 seconds.
  path: Assets/Scripts/GameManager.cs
  artifactKey: Guid(67c19b1be12f55045971810e0475932e) Importer(815301076,1909f56bfc062723c751e8b465ee728b)
Start importing Assets/Scripts/GameManager.cs using Guid(67c19b1be12f55045971810e0475932e) Importer(815301076,1909f56bfc062723c751e8b465ee728b)  -> (artifact id: 'ee7a820052f57f2416494ba6cf182f2c') in 0.016588 seconds 
========================================================================
Received Import Request.
  Time since last request: 23.619560 seconds.
  path: Assets/Scripts/GameManager.cs
  artifactKey: Guid(67c19b1be12f55045971810e0475932e) Importer(815301076,1909f56bfc062723c751e8b465ee728b)
Start importing Assets/Scripts/GameManager.cs using Guid(67c19b1be12f55045971810e0475932e) Importer(815301076,1909f56bfc062723c751e8b465ee728b)  -> (artifact id: 'f46601f3a01dfa3700a71342f796fc91') in 0.016893 seconds 
========================================================================
Received Import Request.
  Time since last request: 309.875812 seconds.
  path: Assets/Scripts/GameManager.cs
  artifactKey: Guid(67c19b1be12f55045971810e0475932e) Importer(815301076,1909f56bfc062723c751e8b465ee728b)
Start importing Assets/Scripts/GameManager.cs using Guid(67c19b1be12f55045971810e0475932e) Importer(815301076,1909f56bfc062723c751e8b465ee728b)  -> (artifact id: '0c8ddcbbeb5a610bb81c0e29d9473d8f') in 0.032123 seconds 
========================================================================
Received Import Request.
  Time since last request: 19.202659 seconds.
  path: Assets/Scripts/GameManager.cs
  artifactKey: Guid(67c19b1be12f55045971810e0475932e) Importer(815301076,1909f56bfc062723c751e8b465ee728b)
Start importing Assets/Scripts/GameManager.cs using Guid(67c19b1be12f55045971810e0475932e) Importer(815301076,1909f56bfc062723c751e8b465ee728b)  -> (artifact id: '9aacfd108a43fce58f5eb847b3dd23a3') in 0.013737 seconds 
========================================================================
Received Import Request.
  Time since last request: 21.338236 seconds.
  path: Assets/Scripts/GameManager.cs
  artifactKey: Guid(67c19b1be12f55045971810e0475932e) Importer(815301076,1909f56bfc062723c751e8b465ee728b)
Start importing Assets/Scripts/GameManager.cs using Guid(67c19b1be12f55045971810e0475932e) Importer(815301076,1909f56bfc062723c751e8b465ee728b)  -> (artifact id: '9077a61a863b6edb02b038ef8098d7e2') in 0.014352 seconds 
AssetImportWorkerClient::OnTransportError - code=2 error=End of file
